<?xml version="1.0" encoding="UTF-8"?>
<!-- Generated by org.testng.reporters.JUnitXMLReporter -->
<testsuite ignored="0" hostname="DESKTOP-RT4D28D" failures="0" tests="2" name="Surefire test" time="43.854" errors="0" timestamp="23 Nov 2020 13:44:51 GMT">
  <testcase classname="extent_reports_tests.ExtentReportTest" name="extentReportFailTest" time="0.189"/>
  <testcase classname="extent_reports_tests.ExtentReportTest" name="extentReportPassTest" time="0.281"/>
</testsuite> <!-- Surefire test -->
