<?xml version="1.0" encoding="UTF-8"?>
<testng-results ignored="0" total="2" passed="2" failed="0" skipped="0">
  <reporter-output>
  </reporter-output>
  <suite started-at="2020-11-23T13:44:08Z" name="Surefire suite" finished-at="2020-11-23T13:44:51Z" duration-ms="43854">
    <groups>
    </groups>
    <test started-at="2020-11-23T13:44:08Z" name="Surefire test" finished-at="2020-11-23T13:44:51Z" duration-ms="43854">
      <class name="extent_reports_tests.ExtentReportTest">
        <test-method is-config="true" signature="configureExtentReport()[pri:0, instance:extent_reports_tests.ExtentReportTest@150c158]" started-at="2020-11-23T13:44:08Z" name="configureExtentReport" finished-at="2020-11-23T13:44:38Z" duration-ms="30111" status="PASS">
          <reporter-output>
          </reporter-output>
        </test-method> <!-- configureExtentReport -->
        <test-method signature="extentReportFailTest()[pri:0, instance:extent_reports_tests.ExtentReportTest@150c158]" started-at="2020-11-23T13:44:38Z" name="extentReportFailTest" finished-at="2020-11-23T13:44:38Z" duration-ms="189" status="PASS">
          <reporter-output>
          </reporter-output>
        </test-method> <!-- extentReportFailTest -->
        <test-method signature="extentReportPassTest()[pri:0, instance:extent_reports_tests.ExtentReportTest@150c158]" started-at="2020-11-23T13:44:38Z" name="extentReportPassTest" finished-at="2020-11-23T13:44:38Z" duration-ms="281" status="PASS">
          <reporter-output>
          </reporter-output>
        </test-method> <!-- extentReportPassTest -->
        <test-method is-config="true" signature="houseKeeping()[pri:0, instance:extent_reports_tests.ExtentReportTest@150c158]" started-at="2020-11-23T13:44:38Z" name="houseKeeping" finished-at="2020-11-23T13:44:51Z" duration-ms="13159" status="PASS">
          <reporter-output>
          </reporter-output>
        </test-method> <!-- houseKeeping -->
      </class> <!-- extent_reports_tests.ExtentReportTest -->
    </test> <!-- Surefire test -->
  </suite> <!-- Surefire suite -->
</testng-results>
