<?xml version="1.0" encoding="UTF-8"?>
<testng-results ignored="0" total="2" passed="2" failed="0" skipped="0">
  <reporter-output>
  </reporter-output>
  <suite started-at="2020-11-23T13:24:55Z" name="Default suite" finished-at="2020-11-23T13:25:30Z" duration-ms="34639">
    <groups>
    </groups>
    <test started-at="2020-11-23T13:24:55Z" name="Default test" finished-at="2020-11-23T13:25:30Z" duration-ms="34639">
      <class name="extent_reports_tests.ExtentReportTest">
        <test-method is-config="true" signature="configureExtentReport()[pri:0, instance:extent_reports_tests.ExtentReportTest@2794eab6]" started-at="2020-11-23T13:24:55Z" name="configureExtentReport" finished-at="2020-11-23T13:25:21Z" duration-ms="25586" status="PASS">
          <reporter-output>
          </reporter-output>
        </test-method> <!-- configureExtentReport -->
        <test-method signature="extentReportFailTest()[pri:0, instance:extent_reports_tests.ExtentReportTest@2794eab6]" started-at="2020-11-23T13:25:21Z" name="extentReportFailTest" finished-at="2020-11-23T13:25:21Z" duration-ms="230" status="PASS">
          <reporter-output>
          </reporter-output>
        </test-method> <!-- extentReportFailTest -->
        <test-method signature="extentReportPassTest()[pri:0, instance:extent_reports_tests.ExtentReportTest@2794eab6]" started-at="2020-11-23T13:25:21Z" name="extentReportPassTest" finished-at="2020-11-23T13:25:21Z" duration-ms="120" status="PASS">
          <reporter-output>
          </reporter-output>
        </test-method> <!-- extentReportPassTest -->
        <test-method is-config="true" signature="houseKeeping()[pri:0, instance:extent_reports_tests.ExtentReportTest@2794eab6]" started-at="2020-11-23T13:25:21Z" name="houseKeeping" finished-at="2020-11-23T13:25:30Z" duration-ms="8473" status="PASS">
          <reporter-output>
          </reporter-output>
        </test-method> <!-- houseKeeping -->
      </class> <!-- extent_reports_tests.ExtentReportTest -->
    </test> <!-- Default test -->
  </suite> <!-- Default suite -->
</testng-results>
